/Applications/CLion.app/Contents/bin/cmake/mac/bin/cmake -DCMAKE_BUILD_TYPE=uno -DCMAKE_MAKE_PROGRAM=/Applications/CLion.app/Contents/bin/ninja/mac/ninja -G Ninja -S "/Users/emily_shen/Desktop/UPenn/2023 Spring/Classes/ESE3500/Labs/Lab 4" -B "/Users/emily_shen/Desktop/UPenn/2023 Spring/Classes/ESE3500/Labs/Lab 4/cmake-build-uno"
CMake Warning at /Applications/CLion.app/Contents/bin/cmake/mac/share/cmake-3.23/Modules/Platform/Darwin-Initialize.cmake:303 (message):
  Ignoring CMAKE_OSX_SYSROOT value:

   /Applications/Xcode.app/Contents/Developer/Platforms/MacOSX.platform/Developer/SDKs/MacOSX13.1.sdk

  because the directory does not exist.
Call Stack (most recent call first):
  /Applications/CLion.app/Contents/bin/cmake/mac/share/cmake-3.23/Modules/CMakeSystemSpecificInitialize.cmake:21 (include)
  CMakeLists.txt:13 (project)


CMake Error at CMakeLists.txt:13 (project):
  The CMAKE_C_COMPILER:

    /Applications/Xcode.app/Contents/Developer/Toolchains/XcodeDefault.xctoolchain/usr/bin/cc

  is not a full path to an existing compiler tool.

  Tell CMake where to find the compiler by setting either the environment
  variable "CC" or the CMake cache entry CMAKE_C_COMPILER to the full path to
  the compiler, or to the compiler name if it is in the PATH.


CMake Error at CMakeLists.txt:13 (project):
  The CMAKE_CXX_COMPILER:

    /Applications/Xcode.app/Contents/Developer/Toolchains/XcodeDefault.xctoolchain/usr/bin/c++

  is not a full path to an existing compiler tool.

  Tell CMake where to find the compiler by setting either the environment
  variable "CXX" or the CMake cache entry CMAKE_CXX_COMPILER to the full path
  to the compiler, or to the compiler name if it is in the PATH.


-- Configuring incomplete, errors occurred!
See also "/Users/emily_shen/Desktop/UPenn/2023 Spring/Classes/ESE3500/Labs/Lab 4/cmake-build-uno/CMakeFiles/CMakeOutput.log".
See also "/Users/emily_shen/Desktop/UPenn/2023 Spring/Classes/ESE3500/Labs/Lab 4/cmake-build-uno/CMakeFiles/CMakeError.log".

Problems were encountered while collecting compiler information:
	avr-gcc: error: x86_64: No such file or directory
	avr-gcc: error: unrecognized command line option '-arch'
	avr-gcc: error: unrecognized command line option '-mmacosx-version-min=12.6'
